[2017-02-11 08:05:53.307] [INFO] resLogger - 
*************** response log start ***************
request method: GET
request originalUrl: /
request client ip: ::1
request query: {}
response time: 1270
response status: 200
response body: 
"<!DOCTYPE html><html><head><title>koa2 title</title><link rel=\"stylesheet\" href=\"/stylesheets/style.css\"></head><body><h1>koa2 title</h1><p>欢迎来到 koa2 title</p></body></html>"
*************** response log end ***************

[2017-02-11 08:05:56.541] [INFO] resLogger - 
*************** response log start ***************
request method: GET
request originalUrl: /favicon.ico
request client ip: ::1
request query: {}
response time: 2
response status: 404
response body: 
undefined
*************** response log end ***************

[2017-02-11 08:07:02.245] [INFO] resLogger - 
*************** response log start ***************
request method: GET
request originalUrl: /
request client ip: ::1
request query: {}
response time: 72
response status: 200
response body: 
"<!DOCTYPE html><html><head><title>koa2 title</title><link rel=\"stylesheet\" href=\"/stylesheets/style.css\"></head><body><h1>koa2 title</h1><p>欢迎来 koa2 title</p></body></html>"
*************** response log end ***************

[2017-02-11 08:21:50.305] [INFO] resLogger - 
*************** response log start ***************
request method: GET
request originalUrl: /api/users/getUser
request client ip: ::1
request query: {}
response time: 4
response status: 404
response body: 
undefined
*************** response log end ***************

[2017-02-11 08:22:06.151] [INFO] resLogger - 
*************** response log start ***************
request method: GET
request originalUrl: /users
request client ip: ::1
request query: {}
response time: 4
response status: 200
response body: 
"this a users response!"
*************** response log end ***************

[2017-02-11 08:22:53.729] [INFO] resLogger - 
*************** response log start ***************
request method: GET
request originalUrl: /users
request client ip: ::1
request query: {}
response time: 7
response status: 200
response body: 
{"username":"Jim","age":30}
*************** response log end ***************

